<?xml version="1.0" encoding="UTF-8"?>
<!-- Generated by org.testng.reporters.JUnitReportReporter -->
<testsuite hostname="Mds-MacBook-Pro.local" failures="0" tests="1" name="sileniumjenkins.TestForJenkins" time="12.397" errors="0" timestamp="2024-09-21T14:24:59 EDT" skipped="0">
  <testcase classname="sileniumjenkins.TestForJenkins" name="startBrowser" time="12.397"/>
</testsuite> <!-- sileniumjenkins.TestForJenkins -->
