<?xml version="1.0" encoding="UTF-8"?>
<!-- Generated by org.testng.reporters.JUnitReportReporter -->
<testsuite hostname="Mds-MacBook-Pro.local" failures="0" tests="2" name="NewTest" time="0.008" errors="0" timestamp="2024-06-23T01:45:04 EDT" skipped="0">
  <testcase classname="NewTest" name="f" time="0.006"/>
  <testcase classname="NewTest" name="f" time="0.002"/>
</testsuite> <!-- NewTest -->
