<?xml version="1.0" encoding="UTF-8"?>
<!-- Generated by org.testng.reporters.JUnitReportReporter -->
<testsuite hostname="Mds-MacBook-Pro.local" failures="0" tests="1" name="nopCommerceTest.RegisterLoginTest" time="23.369" errors="0" timestamp="2024-06-27T00:27:17 EDT" skipped="0">
  <testcase classname="nopCommerceTest.RegisterLoginTest" name="testRegisterAndLogin" time="23.369"/>
</testsuite> <!-- nopCommerceTest.RegisterLoginTest -->
