<?xml version="1.0" encoding="UTF-8"?>
<!-- Generated by org.testng.reporters.JUnitReportReporter -->
<testsuite hostname="Mds-MacBook-Pro.local" failures="0" tests="1" name="test.RegisterLoginTest" time="23.345" errors="0" timestamp="2024-06-28T17:56:38 EDT" skipped="0">
  <testcase classname="test.RegisterLoginTest" name="testRegisterAndLogin" time="23.345"/>
</testsuite> <!-- test.RegisterLoginTest -->
