<?xml version="1.0" encoding="UTF-8"?>
<!-- Generated by org.testng.reporters.JUnitReportReporter -->
<testsuite hostname="Mds-MacBook-Pro.local" failures="0" tests="1" name="nopCommerceTest.RegisterLoginTest" time="21.451" errors="0" timestamp="2024-07-05T17:16:01 EDT" skipped="0">
  <testcase classname="nopCommerceTest.RegisterLoginTest" name="testRegisterAndLoginWithScreenShot" time="21.451"/>
  <system-out/>
</testsuite> <!-- nopCommerceTest.RegisterLoginTest -->
