<?xml version="1.0" encoding="UTF-8"?>
<!-- Generated by org.testng.reporters.JUnitReportReporter -->
<testsuite hostname="Mds-MacBook-Pro.local" failures="0" tests="1" name="test.ScreenShotRegisterLoginTest" time="25.872" errors="0" timestamp="2024-07-05T15:29:59 EDT" skipped="0">
  <testcase classname="test.ScreenShotRegisterLoginTest" name="testRegisterAndLogin" time="25.872"/>
  <system-out/>
</testsuite> <!-- test.ScreenShotRegisterLoginTest -->
