<?xml version="1.0" encoding="UTF-8"?>
<!-- Generated by org.testng.reporters.JUnitReportReporter -->
<testsuite hostname="Mds-MacBook-Pro.local" failures="0" tests="1" name="nopCommerceTest.RegisterLoginTest" time="21.045" errors="0" timestamp="2024-06-28T17:26:12 EDT" skipped="0">
  <testcase classname="nopCommerceTest.RegisterLoginTest" name="testRegisterAndLogin" time="21.045"/>
</testsuite> <!-- nopCommerceTest.RegisterLoginTest -->
