<?xml version="1.0" encoding="UTF-8"?>
<!-- Generated by org.testng.reporters.JUnitReportReporter -->
<testsuite hostname="Mds-MacBook-Pro.local" failures="0" tests="1" name="database.ConnectMyXampp" time="0.257" errors="0" timestamp="2024-09-10T23:41:01 EDT" skipped="0">
  <testcase classname="database.ConnectMyXampp" name="testDB" time="0.257"/>
  <system-out/>
</testsuite> <!-- database.ConnectMyXampp -->
