<?xml version="1.0" encoding="UTF-8"?>
<!-- Generated by org.testng.reporters.JUnitReportReporter -->
<testsuite hostname="Mds-MacBook-Pro.local" failures="0" tests="1" name="database.Teachers" time="0.397" errors="0" timestamp="2024-09-12T20:29:37 EDT" skipped="0">
  <testcase classname="database.Teachers" name="testDB" time="0.397"/>
  <system-out/>
</testsuite> <!-- database.Teachers -->
