<?xml version="1.0" encoding="UTF-8"?>
<!-- Generated by org.testng.reporters.JUnitReportReporter -->
<testsuite hostname="Mds-MacBook-Pro.local" failures="0" tests="1" name="database.Students" time="0.318" errors="0" timestamp="2024-09-11T00:42:21 EDT" skipped="0">
  <testcase classname="database.Students" name="testDB" time="0.318"/>
  <system-out/>
</testsuite> <!-- database.Students -->
