<?xml version="1.0" encoding="UTF-8"?>
<!-- Generated by org.testng.reporters.JUnitReportReporter -->
<testsuite hostname="Mds-MacBook-Pro.local" failures="0" tests="1" name="database.Students_Details" time="0.368" errors="0" timestamp="2024-09-12T20:00:03 EDT" skipped="0">
  <testcase classname="database.Students_Details" name="testDB" time="0.368"/>
  <system-out/>
</testsuite> <!-- database.Students_Details -->
