<?xml version="1.0" encoding="UTF-8"?>
<!-- Generated by org.testng.reporters.JUnitReportReporter -->
<testsuite hostname="Mds-MacBook-Pro.local" failures="0" tests="2" name="database.Study_Tour" time="0.404" errors="0" timestamp="2024-09-12T22:22:05 EDT" skipped="0">
  <testcase classname="database.Study_Tour" name="testNiagaraFalls" time="0.381"/>
  <system-out/>
  <testcase classname="database.Study_Tour" name="testMountWashington" time="0.023"/>
  <system-out/>
</testsuite> <!-- database.Study_Tour -->
