<?xml version="1.0" encoding="UTF-8"?>
<!-- Generated by org.testng.reporters.JUnitReportReporter -->
<testsuite hostname="Mds-MacBook-Pro.local" failures="0" tests="1" name="database.MysqlConnect" time="0.306" errors="0" timestamp="2024-09-11T00:22:31 EDT" skipped="0">
  <testcase classname="database.MysqlConnect" name="testDB" time="0.306"/>
  <system-out/>
</testsuite> <!-- database.MysqlConnect -->
