<?xml version="1.0" encoding="UTF-8"?>
<!-- Generated by org.testng.reporters.JUnitReportReporter -->
<testsuite hostname="Mds-MacBook-Pro.local" failures="0" tests="1" name="facebookpagelogintest.LoginTest" time="35.753" errors="0" timestamp="2024-06-29T13:37:06 EDT" skipped="0">
  <testcase classname="facebookpagelogintest.LoginTest" name="testLoginWithScreenshots" time="35.753"/>
  <system-out/>
</testsuite> <!-- facebookpagelogintest.LoginTest -->
