<?xml version="1.0" encoding="UTF-8"?>
<!-- Generated by org.testng.reporters.JUnitReportReporter -->
<testsuite hostname="Mds-MacBook-Pro.local" failures="0" tests="1" name="facebookpagelogintest.LoginTest" time="34.277" errors="0" timestamp="2024-07-13T11:29:57 EDT" skipped="0">
  <testcase classname="facebookpagelogintest.LoginTest" name="testLoginWithScreenshots" time="34.277"/>
  <system-out/>
</testsuite> <!-- facebookpagelogintest.LoginTest -->
