<?xml version="1.0" encoding="UTF-8"?>
<!-- Generated by org.testng.reporters.JUnitReportReporter -->
<testsuite hostname="Mds-MacBook-Pro.local" failures="0" tests="4" name="apitest.Rest_Api_Test" time="1.936" errors="0" timestamp="2024-09-22T22:39:47 EDT" skipped="0">
  <testcase classname="apitest.Rest_Api_Test" name="getUsers" time="0.305"/>
  <testcase classname="apitest.Rest_Api_Test" name="createUser" time="0.681"/>
  <testcase classname="apitest.Rest_Api_Test" name="updateUser" time="0.496"/>
  <testcase classname="apitest.Rest_Api_Test" name="deleteUser" time="0.454"/>
</testsuite> <!-- apitest.Rest_Api_Test -->
