<?xml version="1.0" encoding="UTF-8"?>
<!-- Generated by org.testng.reporters.JUnitReportReporter -->
<testsuite hostname="Mds-MacBook-Pro.local" failures="0" tests="3" name="restassured.Get_Post_Examples" time="4.639" errors="0" timestamp="2024-09-22T22:39:47 EDT" skipped="0">
  <testcase classname="restassured.Get_Post_Examples" name="testPostUsingMap" time="0.540"/>
  <testcase classname="restassured.Get_Post_Examples" name="testPost" time="0.547"/>
  <testcase classname="restassured.Get_Post_Examples" name="testGet" time="3.552"/>
</testsuite> <!-- restassured.Get_Post_Examples -->
