<?xml version="1.0" encoding="UTF-8"?>
<!-- Generated by org.testng.reporters.JUnitReportReporter -->
<testsuite hostname="Mds-MacBook-Pro.local" failures="0" tests="3" name="restassured.Get_Post_Examples" time="4.796" errors="0" timestamp="2024-09-22T22:05:20 EDT" skipped="0">
  <testcase classname="restassured.Get_Post_Examples" name="testGet" time="3.688"/>
  <testcase classname="restassured.Get_Post_Examples" name="testPostUsingMap" time="0.538"/>
  <testcase classname="restassured.Get_Post_Examples" name="testPost" time="0.570"/>
</testsuite> <!-- restassured.Get_Post_Examples -->
