<?xml version="1.0" encoding="UTF-8"?>
<!-- Generated by org.testng.reporters.JUnitReportReporter -->
<testsuite hostname="Mds-MacBook-Pro.local" failures="0" tests="4" name="apitest.Rest_Api_Test" time="6.163" errors="0" timestamp="2024-09-21T12:09:44 EDT" skipped="0">
  <testcase classname="apitest.Rest_Api_Test" name="getUsers" time="4.443"/>
  <testcase classname="apitest.Rest_Api_Test" name="createUser" time="0.781"/>
  <testcase classname="apitest.Rest_Api_Test" name="updateUser" time="0.478"/>
  <testcase classname="apitest.Rest_Api_Test" name="deleteUser" time="0.461"/>
</testsuite> <!-- apitest.Rest_Api_Test -->
