<?xml version="1.0" encoding="UTF-8"?>
<!-- Generated by org.testng.reporters.JUnitReportReporter -->
<testsuite hostname="Mds-MacBook-Pro.local" failures="0" tests="1" name="restassured.Example2" time="3.351" errors="0" timestamp="2024-09-21T12:32:11 EDT" skipped="0">
  <testcase classname="restassured.Example2" name="test2" time="3.351"/>
</testsuite> <!-- restassured.Example2 -->
