<?xml version="1.0" encoding="UTF-8"?>
<!-- Generated by org.testng.reporters.JUnitReportReporter -->
<testsuite hostname="Mds-MacBook-Pro.local" failures="0" tests="3" name="restassured.Put_Patch_Delete_Examples" time="4.725" errors="0" timestamp="2024-09-22T22:11:18 EDT" skipped="0">
  <testcase classname="restassured.Put_Patch_Delete_Examples" name="testPatch" time="1.521"/>
  <testcase classname="restassured.Put_Patch_Delete_Examples" name="testPut" time="0.546"/>
  <testcase classname="restassured.Put_Patch_Delete_Examples" name="testDelete" time="2.658"/>
</testsuite> <!-- restassured.Put_Patch_Delete_Examples -->
