<?xml version="1.0" encoding="UTF-8"?>
<!-- Generated by org.testng.reporters.JUnitReportReporter -->
<testsuite hostname="Mds-MacBook-Pro.local" failures="0" tests="4" name="apitest.Rest_Api_Test" time="5.097" errors="0" timestamp="2024-09-17T00:12:34 EDT" skipped="0">
  <testcase classname="apitest.Rest_Api_Test" name="getUsers" time="3.403"/>
  <system-out/>
  <testcase classname="apitest.Rest_Api_Test" name="createUser" time="0.801"/>
  <system-out/>
  <testcase classname="apitest.Rest_Api_Test" name="updateUser" time="0.454"/>
  <system-out/>
  <testcase classname="apitest.Rest_Api_Test" name="deleteUser" time="0.439"/>
  <system-out/>
</testsuite> <!-- apitest.Rest_Api_Test -->
