<?xml version="1.0" encoding="UTF-8"?>
<!-- Generated by org.testng.reporters.JUnitReportReporter -->
<testsuite hostname="Mds-MacBook-Pro.local" failures="0" tests="1" name="restassured.Example1" time="2.175" errors="0" timestamp="2024-07-14T22:27:59 EDT" skipped="0">
  <testcase classname="restassured.Example1" name="test1" time="2.175"/>
  <system-out/>
</testsuite> <!-- restassured.Example1 -->
