<?xml version="1.0" encoding="UTF-8"?>
<!-- Generated by org.testng.reporters.JUnitReportReporter -->
<testsuite hostname="Mds-MacBook-Pro.local" failures="0" tests="1" name="restassured.Example1" time="3.352" errors="0" timestamp="2024-08-14T22:40:09 EDT" skipped="0">
  <testcase classname="restassured.Example1" name="test1" time="3.352"/>
  <system-out/>
</testsuite> <!-- restassured.Example1 -->
