<?xml version="1.0" encoding="UTF-8"?>
<!-- Generated by org.testng.reporters.JUnitReportReporter -->
<testsuite hostname="Mds-MacBook-Pro.local" failures="0" tests="1" name="facebooklogintest.LoginTest" time="36.728" errors="0" timestamp="2024-09-21T00:00:01 EDT" skipped="0">
  <testcase classname="facebooklogintest.LoginTest" name="testLoginWithScreenshots" time="36.728"/>
</testsuite> <!-- facebooklogintest.LoginTest -->
