<?xml version="1.0" encoding="UTF-8"?>
<!-- Generated by org.testng.reporters.JUnitReportReporter -->
<testsuite hostname="Mds-MacBook-Pro.local" failures="0" tests="2" name="TestNGExamples.beforeTest_vs_beforeMethod" time="34.598" errors="0" timestamp="2024-06-08T13:34:23 EDT" skipped="0">
  <testcase classname="TestNGExamples.beforeTest_vs_beforeMethod" name="testCheckBox2" time="7.264"/>
  <testcase classname="TestNGExamples.beforeTest_vs_beforeMethod" name="testCheckBox" time="27.334"/>
</testsuite> <!-- TestNGExamples.beforeTest_vs_beforeMethod -->
