<?xml version="1.0" encoding="UTF-8"?>
<!-- Generated by org.testng.reporters.JUnitReportReporter -->
<testsuite hostname="Mds-MacBook-Pro.local" failures="0" tests="1" name="testNGExample.TestngDemo3" time="0.012" errors="0" timestamp="2024-06-09T00:16:29 EDT" skipped="0">
  <testcase classname="testNGExample.TestngDemo3" name="f" time="0.012"/>
  <system-out/>
</testsuite> <!-- testNGExample.TestngDemo3 -->
