<?xml version="1.0" encoding="UTF-8"?>
<!-- Generated by org.testng.reporters.JUnitReportReporter -->
<testsuite hostname="Mds-MacBook-Pro.local" failures="0" tests="3" name="basics.Dependents" time="0.022" errors="0" timestamp="2024-05-28T21:58:23 EDT" skipped="0">
  <testcase classname="basics.Dependents" name="mymethodone" time="0.015"/>
  <system-out/>
  <testcase classname="basics.Dependents" name="mymethodtwo" time="0.003"/>
  <system-out/>
  <testcase classname="basics.Dependents" name="mymethodthree" time="0.004"/>
  <system-out/>
</testsuite> <!-- basics.Dependents -->
