<?xml version="1.0" encoding="UTF-8"?>
<!-- Generated by org.testng.reporters.JUnitReportReporter -->
<testsuite hostname="Mds-MacBook-Pro.local" failures="0" tests="3" name="listener.MyListener" time="0.011" errors="0" timestamp="2024-05-28T00:16:17 EDT" skipped="0">
  <testcase classname="listener.MyListener" name="testCase1" time="0.007"/>
  <system-out/>
  <testcase classname="listener.MyListener" name="testCase2" time="0.002"/>
  <system-out/>
  <testcase classname="listener.MyListener" name="testCase3" time="0.002"/>
  <system-out/>
</testsuite> <!-- listener.MyListener -->
