<?xml version="1.0" encoding="UTF-8"?>
<!-- Generated by org.testng.reporters.JUnitReportReporter -->
<testsuite hostname="Mds-MacBook-Pro.local" failures="0" tests="3" name="testngbasics.Dependents" time="0.019" errors="0" timestamp="2024-06-24T00:11:55 EDT" skipped="0">
  <testcase classname="testngbasics.Dependents" name="mymethodone" time="0.013"/>
  <system-out/>
  <testcase classname="testngbasics.Dependents" name="mymethodtwo" time="0.004"/>
  <system-out/>
  <testcase classname="testngbasics.Dependents" name="mymethodthree" time="0.002"/>
  <system-out/>
</testsuite> <!-- testngbasics.Dependents -->
