<?xml version="1.0" encoding="UTF-8"?>
<!-- Generated by org.testng.reporters.JUnitReportReporter -->
<testsuite hostname="Mds-MacBook-Pro.local" failures="0" tests="4" name="basics.Enabled" time="0.025" errors="0" timestamp="2024-05-28T21:59:38 EDT" skipped="1">
  <testcase classname="basics.Enabled" name="mymethodone" time="0.008"/>
  <system-out/>
  <testcase classname="basics.Enabled" name="mymethodfour" time="0.012"/>
  <system-out/>
  <testcase classname="basics.Enabled" name="mymethodthree" time="0.005"/>
  <system-out/>
  <testcase classname="basics.Enabled" name="mymethodtwo">
    <skipped/>
  </testcase> <!-- mymethodtwo -->
  <system-out/>
</testsuite> <!-- basics.Enabled -->
