<?xml version="1.0" encoding="UTF-8"?>
<!-- Generated by org.testng.reporters.JUnitReportReporter -->
<testsuite hostname="Mds-MacBook-Pro.local" failures="0" tests="3" name="testngbasics.Dependents" time="0.016" errors="0" timestamp="2024-06-02T01:14:40 EDT" skipped="0">
  <testcase classname="testngbasics.Dependents" name="mymethodone" time="0.010"/>
  <system-out/>
  <testcase classname="testngbasics.Dependents" name="mymethodtwo" time="0.003"/>
  <system-out/>
  <testcase classname="testngbasics.Dependents" name="mymethodthree" time="0.003"/>
  <system-out/>
</testsuite> <!-- testngbasics.Dependents -->
