<?xml version="1.0" encoding="UTF-8"?>
<!-- Generated by org.testng.reporters.JUnitReportReporter -->
<testsuite hostname="Mds-MacBook-Pro.local" failures="0" tests="1" name="basics.Findelementss" time="13.346" errors="0" timestamp="2024-05-28T21:48:54 EDT" skipped="0">
  <testcase classname="basics.Findelementss" name="Setup" time="13.346"/>
  <system-out/>
</testsuite> <!-- basics.Findelementss -->
